<?xml version="1.0" encoding="UTF-8"?>
<!-- Generated by org.testng.reporters.JUnitReportReporter -->
<testsuite hostname="LAPTOP-B6A6O6DT" failures="0" tests="3" name="testng.testsam" time="0.040" errors="0" timestamp="2022-06-02T11:02:37 IST" skipped="0">
  <testcase classname="testng.testsam" name="search" time="0.034"/>
  <system-out/>
  <testcase classname="testng.testsam" name="about" time="0.003"/>
  <system-out/>
  <testcase classname="testng.testsam" name="about" time="0.003"/>
  <system-out/>
</testsuite> <!-- testng.testsam -->
